[{"line":1,"elements":[{"start_timestamp":"2025-11-16T05:30:12.678Z","line":6,"name":"Successful checkout with valid information","description":"","id":"checkout-functionality;successful-checkout-with-valid-information","type":"scenario","keyword":"Scenario","steps":[{"result":{"duration":7287352200,"status":"passed"},"line":7,"name":"user is logged in with valid credentials","match":{"location":"steps.CheckoutSteps.user_is_logged_in_with_valid_credentials()"},"keyword":"Given "},{"result":{"duration":102545700,"status":"passed"},"line":8,"name":"user adds a product to the cart","match":{"location":"steps.CheckoutSteps.user_adds_a_product_to_the_cart()"},"keyword":"When "},{"result":{"duration":246698600,"status":"passed"},"line":9,"name":"user proceeds to checkout","match":{"location":"steps.CheckoutSteps.user_proceeds_to_checkout()"},"keyword":"And "},{"result":{"duration":563478200,"status":"passed"},"line":10,"name":"user enters valid shipping information","match":{"location":"steps.CheckoutSteps.user_enters_valid_shipping_information()"},"keyword":"And "},{"result":{"status":"passed"},"line":11,"name":"order should be successfully placed","match":{"location":"steps.CheckoutSteps.order_should_be_successfully_placed()"},"keyword":"Then "}]},{"start_timestamp":"2025-11-16T05:30:20.901Z","line":13,"name":"Unsuccessful checkout with missing information","description":"","id":"checkout-functionality;unsuccessful-checkout-with-missing-information","type":"scenario","keyword":"Scenario","steps":[{"result":{"duration":781789000,"status":"passed"},"line":14,"name":"user is logged in with valid credentials","match":{"location":"steps.CheckoutSteps.user_is_logged_in_with_valid_credentials()"},"keyword":"Given "},{"result":{"duration":79867400,"status":"passed"},"line":15,"name":"user adds a product to the cart","match":{"location":"steps.CheckoutSteps.user_adds_a_product_to_the_cart()"},"keyword":"When "},{"result":{"duration":287395300,"status":"passed"},"line":16,"name":"user proceeds to checkout","match":{"location":"steps.CheckoutSteps.user_proceeds_to_checkout()"},"keyword":"And "},{"result":{"error_message":"org.openqa.selenium.NoSuchElementException: no such element: Unable to locate element: {\"method\":\"css selector\",\"selector\":\"#first\\-name\"}\n  (Session info: chrome=142.0.7444.163)\nFor documentation on this error, please visit: https://www.selenium.dev/documentation/webdriver/troubleshooting/errors#no-such-element-exception\nBuild info: version: '4.23.0', revision: '4df0a231af'\nSystem info: os.name: 'Windows 10', os.arch: 'amd64', os.version: '10.0', java.version: '17.0.2'\nDriver info: org.openqa.selenium.chrome.ChromeDriver\nCommand: [f7b7b5fd71a0c54f9ec10bb9b15d80f6, findElement {value=first-name, using=id}]\nCapabilities {acceptInsecureCerts: false, browserName: chrome, browserVersion: 142.0.7444.163, chrome: {chromedriverVersion: 142.0.7444.162 (c076baf266c..., userDataDir: C:\\Users\\supra\\AppData\\Loca...}, fedcm:accounts: true, goog:chromeOptions: {debuggerAddress: localhost:59748}, goog:processID: 20512, networkConnectionEnabled: false, pageLoadStrategy: normal, platformName: windows, proxy: Proxy(), se:cdp: ws://localhost:59748/devtoo..., se:cdpVersion: 142.0.7444.163, setWindowRect: true, strictFileInteractability: false, timeouts: {implicit: 0, pageLoad: 300000, script: 30000}, unhandledPromptBehavior: dismiss and notify, webauthn:extension:credBlob: true, webauthn:extension:largeBlob: true, webauthn:extension:minPinLength: true, webauthn:extension:prf: true, webauthn:virtualAuthenticators: true}\nSession ID: f7b7b5fd71a0c54f9ec10bb9b15d80f6\r\n\tat java.base/jdk.internal.reflect.NativeConstructorAccessorImpl.newInstance0(Native Method)\r\n\tat java.base/jdk.internal.reflect.NativeConstructorAccessorImpl.newInstance(NativeConstructorAccessorImpl.java:77)\r\n\tat java.base/jdk.internal.reflect.DelegatingConstructorAccessorImpl.newInstance(DelegatingConstructorAccessorImpl.java:45)\r\n\tat java.base/java.lang.reflect.Constructor.newInstanceWithCaller(Constructor.java:499)\r\n\tat java.base/java.lang.reflect.Constructor.newInstance(Constructor.java:480)\r\n\tat org.openqa.selenium.remote.ErrorCodec.decode(ErrorCodec.java:167)\r\n\tat org.openqa.selenium.remote.codec.w3c.W3CHttpResponseCodec.decode(W3CHttpResponseCodec.java:138)\r\n\tat org.openqa.selenium.remote.codec.w3c.W3CHttpResponseCodec.decode(W3CHttpResponseCodec.java:50)\r\n\tat org.openqa.selenium.remote.HttpCommandExecutor.execute(HttpCommandExecutor.java:190)\r\n\tat org.openqa.selenium.remote.service.DriverCommandExecutor.invokeExecute(DriverCommandExecutor.java:216)\r\n\tat org.openqa.selenium.remote.service.DriverCommandExecutor.execute(DriverCommandExecutor.java:174)\r\n\tat org.openqa.selenium.remote.RemoteWebDriver.execute(RemoteWebDriver.java:527)\r\n\tat org.openqa.selenium.remote.ElementLocation$ElementFinder$2.findElement(ElementLocation.java:165)\r\n\tat org.openqa.selenium.remote.ElementLocation.findElement(ElementLocation.java:59)\r\n\tat org.openqa.selenium.remote.RemoteWebDriver.findElement(RemoteWebDriver.java:357)\r\n\tat org.openqa.selenium.remote.RemoteWebDriver.findElement(RemoteWebDriver.java:351)\r\n\tat net.thucydides.core.webdriver.WebDriverFacade.findElement(WebDriverFacade.java:271)\r\n\tat net.serenitybdd.core.pages.WebElementResolverByLocator.resolveForDriver(WebElementResolverByLocator.java:25)\r\n\tat net.serenitybdd.core.pages.WebElementFacadeImpl.getResolvedElement(WebElementFacadeImpl.java:188)\r\n\tat net.serenitybdd.core.pages.WebElementFacadeImpl.getElement(WebElementFacadeImpl.java:183)\r\n\tat net.serenitybdd.core.pages.WebElementFacadeImpl.lambda$sendKeys$8(WebElementFacadeImpl.java:1307)\r\n\tat net.serenitybdd.core.pages.WithRetries.perform(WithRetries.java:22)\r\n\tat net.serenitybdd.core.pages.WebElementFacadeImpl.sendKeys(WebElementFacadeImpl.java:1306)\r\n\tat pages.CheckoutPage.enterShippingInfo(CheckoutPage.java:17)\r\n\tat pages.CheckoutPage$ByteBuddy$jMEN5FQs.enterShippingInfo$accessor$ardOCImZ(Unknown Source)\r\n\tat java.base/jdk.internal.reflect.NativeMethodAccessorImpl.invoke0(Native Method)\r\n\tat java.base/jdk.internal.reflect.NativeMethodAccessorImpl.invoke(NativeMethodAccessorImpl.java:77)\r\n\tat java.base/jdk.internal.reflect.DelegatingMethodAccessorImpl.invoke(DelegatingMethodAccessorImpl.java:43)\r\n\tat java.base/java.lang.reflect.Method.invoke(Method.java:568)\r\n\tat net.thucydides.core.steps.BaseMethodRunner.invokeMethod(BaseMethodRunner.java:18)\r\n\tat net.thucydides.core.steps.NormalMethodRunner.invokeMethodAndNotifyFailures(NormalMethodRunner.java:18)\r\n\tat net.thucydides.core.steps.StepInterceptor.runNormalMethod(StepInterceptor.java:425)\r\n\tat net.thucydides.core.steps.StepInterceptor.testStepResult(StepInterceptor.java:200)\r\n\tat net.thucydides.core.steps.StepInterceptor.intercept(StepInterceptor.java:93)\r\n\tat net.thucydides.core.steps.ProxyConfiguration$InterceptorDispatcher.intercept(ProxyConfiguration.java:51)\r\n\tat pages.CheckoutPage$ByteBuddy$jMEN5FQs.enterShippingInfo(Unknown Source)\r\n\tat steps.CheckoutSteps.user_leaves_shipping_information_blank(CheckoutSteps.java:55)\r\n\tat ✽.user leaves shipping information blank(file:///C:/Practice/SeleniumSerenity/src/test/resources/features/checkout.feature:17)\r\n","duration":2142167800,"status":"failed"},"line":17,"name":"user leaves shipping information blank","match":{"location":"steps.CheckoutSteps.user_leaves_shipping_information_blank()"},"keyword":"And "},{"result":{"status":"skipped"},"line":18,"name":"a checkout error message should be displayed","match":{"location":"steps.CheckoutSteps.checkout_error_message_should_be_displayed()"},"keyword":"Then "}]}],"name":"Checkout functionality","description":"  As a logged-in user\n  I want to add products to the cart and checkout\n  So that I can place an order or see an error","id":"checkout-functionality","keyword":"Feature","uri":"file:src/test/resources/features/checkout.feature","tags":[]},{"line":1,"elements":[{"start_timestamp":"2025-11-16T05:30:24.205Z","line":6,"name":"Successful login with valid credentials","description":"","id":"login-functionality;successful-login-with-valid-credentials","type":"scenario","keyword":"Scenario","steps":[{"result":{"duration":31243600,"status":"passed"},"line":7,"name":"user is on the login page","match":{"location":"steps.LoginSteps.user_is_on_login_page()"},"keyword":"Given "},{"result":{"duration":15622000,"status":"passed"},"line":8,"name":"user enters valid credentials","match":{"location":"steps.LoginSteps.user_enters_valid_credentials()"},"keyword":"When "},{"result":{"error_message":"java.lang.AssertionError: expected [true] but found [false]\r\n\tat org.testng.Assert.fail(Assert.java:111)\r\n\tat org.testng.Assert.failNotEquals(Assert.java:1578)\r\n\tat org.testng.Assert.assertTrue(Assert.java:57)\r\n\tat org.testng.Assert.assertTrue(Assert.java:67)\r\n\tat steps.LoginSteps.user_should_be_redirected_to_products_page(LoginSteps.java:32)\r\n\tat ✽.user should be redirected to the products page(file:///C:/Practice/SeleniumSerenity/src/test/resources/features/login.feature:9)\r\n","status":"failed"},"line":9,"name":"user should be redirected to the products page","match":{"location":"steps.LoginSteps.user_should_be_redirected_to_products_page()"},"keyword":"Then "}]},{"start_timestamp":"2025-11-16T05:30:24.267Z","line":11,"name":"Unsuccessful login with invalid credentials","description":"","id":"login-functionality;unsuccessful-login-with-invalid-credentials","type":"scenario","keyword":"Scenario","steps":[{"result":{"duration":75750000,"status":"passed"},"line":12,"name":"user is on the login page","match":{"location":"steps.LoginSteps.user_is_on_login_page()"},"keyword":"Given "},{"result":{"status":"passed"},"line":13,"name":"user enters invalid credentials","match":{"location":"steps.LoginSteps.user_enters_invalid_credentials()"},"keyword":"When "},{"result":{"error_message":"java.lang.AssertionError: expected [true] but found [false]\r\n\tat org.testng.Assert.fail(Assert.java:111)\r\n\tat org.testng.Assert.failNotEquals(Assert.java:1578)\r\n\tat org.testng.Assert.assertTrue(Assert.java:57)\r\n\tat org.testng.Assert.assertTrue(Assert.java:67)\r\n\tat steps.LoginSteps.login_error_message_should_be_displayed(LoginSteps.java:37)\r\n\tat ✽.a login error message should be displayed(file:///C:/Practice/SeleniumSerenity/src/test/resources/features/login.feature:14)\r\n","duration":15621100,"status":"failed"},"line":14,"name":"a login error message should be displayed","match":{"location":"steps.LoginSteps.login_error_message_should_be_displayed()"},"keyword":"Then "}]}],"name":"Login functionality","description":"  As a user\n  I want to log in with valid or invalid credentials\n  So that I can access the application or see an error","id":"login-functionality","keyword":"Feature","uri":"file:src/test/resources/features/login.feature","tags":[]}]